<?xml version="1.0" encoding="UTF-8"?>
<!-- Generated by org.testng.reporters.JUnitXMLReporter -->
<testsuite hostname="Sibi-QA" name="Test" tests="3" failures="0" timestamp="14 Dec 2016 09:00:21 GMT" time="7.693" errors="0">
  <testcase name="testLoginButton" time="2.066" classname="com.wbl.test.LoginPageTest"/>
  <testcase name="testLoginButton" time="1.13" classname="com.wbl.test.LoginPageTest"/>
  <testcase name="testLoginButton" time="1.91" classname="com.wbl.test.LoginPageTest"/>
</testsuite> <!-- Test -->
