<?xml version="1.0" encoding="UTF-8"?>
<testng-results skipped="0" failed="0" total="3" passed="3">
  <reporter-output>
  </reporter-output>
  <suite name="Suite" duration-ms="7693" started-at="2016-12-14T09:00:13Z" finished-at="2016-12-14T09:00:21Z">
    <groups>
    </groups>
    <test name="Test" duration-ms="7693" started-at="2016-12-14T09:00:13Z" finished-at="2016-12-14T09:00:21Z">
      <class name="com.wbl.test.LoginPageTest">
        <test-method status="PASS" signature="beforeSuite()[pri:0, instance:com.wbl.test.LoginPageTest@6fd02e5]" name="beforeSuite" is-config="true" duration-ms="24024" started-at="2016-12-14T00:59:49Z" finished-at="2016-12-14T01:00:13Z">
          <reporter-output>
          </reporter-output>
        </test-method> <!-- beforeSuite -->
        <test-method status="PASS" signature="beforeClass()[pri:0, instance:com.wbl.test.LoginPageTest@6fd02e5]" name="beforeClass" is-config="true" duration-ms="7" started-at="2016-12-14T01:00:13Z" finished-at="2016-12-14T01:00:13Z">
          <reporter-output>
          </reporter-output>
        </test-method> <!-- beforeClass -->
        <test-method status="PASS" signature="testLoginButton(java.lang.String, java.lang.String, java.lang.String)[pri:0, instance:com.wbl.test.LoginPageTest@6fd02e5]" name="testLoginButton" duration-ms="2066" started-at="2016-12-14T01:00:15Z" data-provider="login-data" finished-at="2016-12-14T01:00:17Z">
          <params>
            <param index="0">
              <value>
                <![CDATA[test]]>
              </value>
            </param>
            <param index="1">
              <value>
                <![CDATA[test123]]>
              </value>
            </param>
            <param index="2">
              <value>
                <![CDATA[https://dev.talentscreen.io/#/login]]>
              </value>
            </param>
          </params>
          <reporter-output>
          </reporter-output>
        </test-method> <!-- testLoginButton -->
        <test-method status="PASS" signature="testLoginButton(java.lang.String, java.lang.String, java.lang.String)[pri:0, instance:com.wbl.test.LoginPageTest@6fd02e5]" name="testLoginButton" duration-ms="1130" started-at="2016-12-14T01:00:17Z" data-provider="login-data" finished-at="2016-12-14T01:00:19Z">
          <params>
            <param index="0">
              <value>
                <![CDATA[talent]]>
              </value>
            </param>
            <param index="1">
              <value>
                <![CDATA[talent123]]>
              </value>
            </param>
            <param index="2">
              <value>
                <![CDATA[https://dev.talentscreen.io/#/login]]>
              </value>
            </param>
          </params>
          <reporter-output>
          </reporter-output>
        </test-method> <!-- testLoginButton -->
        <test-method status="PASS" signature="testLoginButton(java.lang.String, java.lang.String, java.lang.String)[pri:0, instance:com.wbl.test.LoginPageTest@6fd02e5]" name="testLoginButton" duration-ms="1910" started-at="2016-12-14T01:00:19Z" data-provider="login-data" finished-at="2016-12-14T01:00:21Z">
          <params>
            <param index="0">
              <value>
                <![CDATA[wbl]]>
              </value>
            </param>
            <param index="1">
              <value>
                <![CDATA[wbl123]]>
              </value>
            </param>
            <param index="2">
              <value>
                <![CDATA[https://dev.talentscreen.io/#/login]]>
              </value>
            </param>
          </params>
          <reporter-output>
          </reporter-output>
        </test-method> <!-- testLoginButton -->
        <test-method status="PASS" signature="afterSuite()[pri:0, instance:com.wbl.test.LoginPageTest@6fd02e5]" name="afterSuite" is-config="true" duration-ms="2564" started-at="2016-12-14T01:00:21Z" finished-at="2016-12-14T01:00:23Z">
          <reporter-output>
          </reporter-output>
        </test-method> <!-- afterSuite -->
      </class> <!-- com.wbl.test.LoginPageTest -->
    </test> <!-- Test -->
  </suite> <!-- Suite -->
</testng-results>
