<?xml version="1.0" encoding="UTF-8"?>
<testng-results skipped="0" failed="0" total="1" passed="1">
  <reporter-output>
  </reporter-output>
  <suite name="Suite" duration-ms="1040" started-at="2016-12-07T22:34:33Z" finished-at="2016-12-07T22:34:34Z">
    <groups>
    </groups>
    <test name="Test" duration-ms="1040" started-at="2016-12-07T22:34:33Z" finished-at="2016-12-07T22:34:34Z">
      <class name="com.wbl.test.LoginPageTest">
        <test-method status="PASS" signature="beforeSuite()[pri:0, instance:com.wbl.test.LoginPageTest@66d2e7d9]" name="beforeSuite" is-config="true" duration-ms="16628" started-at="2016-12-07T14:34:16Z" finished-at="2016-12-07T14:34:33Z">
          <reporter-output>
          </reporter-output>
        </test-method> <!-- beforeSuite -->
        <test-method status="PASS" signature="beforeClass()[pri:0, instance:com.wbl.test.LoginPageTest@66d2e7d9]" name="beforeClass" is-config="true" duration-ms="1" started-at="2016-12-07T14:34:33Z" finished-at="2016-12-07T14:34:33Z">
          <reporter-output>
          </reporter-output>
        </test-method> <!-- beforeClass -->
        <test-method status="PASS" signature="testLoginButton()[pri:0, instance:com.wbl.test.LoginPageTest@66d2e7d9]" name="testLoginButton" duration-ms="1023" started-at="2016-12-07T14:34:33Z" finished-at="2016-12-07T14:34:34Z">
          <reporter-output>
          </reporter-output>
        </test-method> <!-- testLoginButton -->
      </class> <!-- com.wbl.test.LoginPageTest -->
    </test> <!-- Test -->
  </suite> <!-- Suite -->
</testng-results>
